code - Copy/app/build/intermediates/manifest_merge_blame_file/debug/manifest-merger-blame-debug-report.txt
1<?xml version="1.0" encoding="utf-8"?>
2<manifest xmlns:android="http://schemas.android.com/apk/res/android"
3    package="com.example.ihuntwithjavalins"
4    android:versionCode="1"
5    android:versionName="1.0" >
6
7    <uses-sdk
8        android:minSdkVersion="21"
8-->src\main\AndroidManifest.xml
9        android:targetSdkVersion="33" />
9-->src\main\AndroidManifest.xml
10
11    <!-- for camera and barcode stuff -->
12    <uses-permission android:name="android.permission.CAMERA" />
12-->src\main\AndroidManifest.xml:6:5-65
12-->src\main\AndroidManifest.xml:6:22-62
13    <uses-permission android:name="android.permission.INTERNET" />
13-->src\main\AndroidManifest.xml:7:5-67
13-->src\main\AndroidManifest.xml:7:22-64
14
15    <uses-feature
15-->src\main\AndroidManifest.xml:8:5-10:35
16        android:name="android.hardware.camera"
16-->src\main\AndroidManifest.xml:9:9-47
17        android:required="true" />
17-->src\main\AndroidManifest.xml:10:9-32
18    <uses-feature
18-->src\main\AndroidManifest.xml:11:5-88
19        android:name="android.hardware.camera.back"
19-->src\main\AndroidManifest.xml:11:19-62
20        android:required="true" />
20-->src\main\AndroidManifest.xml:11:63-86
21    <uses-feature android:name="android.hardware.camera.autofocus" />
21-->src\main\AndroidManifest.xml:12:5-70
21-->src\main\AndroidManifest.xml:12:19-67
22    <!-- for camera and barcode stuff (END) -->
23
24
25    <!-- for open street map stuff -->
26    <uses-permission android:name="android.permission.ACCESS_COARSE_LOCATION" />
26-->src\main\AndroidManifest.xml:16:5-80
26-->src\main\AndroidManifest.xml:16:22-78
27    <uses-permission android:name="android.permission.ACCESS_FINE_LOCATION" />
27-->src\main\AndroidManifest.xml:17:5-78
27-->src\main\AndroidManifest.xml:17:22-76
28    <uses-permission android:name="android.permission.ACCESS_WIFI_STATE" />
28-->src\main\AndroidManifest.xml:18:5-76
28-->src\main\AndroidManifest.xml:18:22-73
29    <uses-permission android:name="android.permission.INTERNET" />
29-->src\main\AndroidManifest.xml:7:5-67
29-->src\main\AndroidManifest.xml:7:22-64
30    <uses-permission android:name="android.permission.ACCESS_NETWORK_STATE" />
30-->src\main\AndroidManifest.xml:20:5-80
30-->src\main\AndroidManifest.xml:20:22-76
31    <uses-permission android:name="android.permission.WRITE_EXTERNAL_STORAGE" />
31-->src\main\AndroidManifest.xml:21:5-81
31-->src\main\AndroidManifest.xml:21:22-78
32
33    <supports-screens
33-->[org.osmdroid:osmdroid-android:6.1.12] AndroidManifest.xml:9:5-12:40
34        android:anyDensity="true"
34-->[org.osmdroid:osmdroid-android:6.1.12] AndroidManifest.xml:10:9-34
35        android:largeScreens="true"
35-->[org.osmdroid:osmdroid-android:6.1.12] AndroidManifest.xml:11:9-36
36        android:normalScreens="true" />
36-->[org.osmdroid:osmdroid-android:6.1.12] AndroidManifest.xml:12:9-37
37
38    <uses-feature
38-->[org.osmdroid:osmdroid-android:6.1.12] AndroidManifest.xml:14:5-16:36
39        android:name="android.hardware.location.network"
39-->[org.osmdroid:osmdroid-android:6.1.12] AndroidManifest.xml:15:9-57
40        android:required="false" />
40-->[org.osmdroid:osmdroid-android:6.1.12] AndroidManifest.xml:16:9-33
41    <uses-feature
41-->[org.osmdroid:osmdroid-android:6.1.12] AndroidManifest.xml:17:5-19:36
42        android:name="android.hardware.location.gps"
42-->[org.osmdroid:osmdroid-android:6.1.12] AndroidManifest.xml:18:9-53
43        android:required="false" />
43-->[org.osmdroid:osmdroid-android:6.1.12] AndroidManifest.xml:19:9-33
44    <uses-feature
44-->[org.osmdroid:osmdroid-android:6.1.12] AndroidManifest.xml:20:5-22:36
45        android:name="android.hardware.telephony"
45-->[org.osmdroid:osmdroid-android:6.1.12] AndroidManifest.xml:21:9-50
46        android:required="false" />
46-->[org.osmdroid:osmdroid-android:6.1.12] AndroidManifest.xml:22:9-33
47    <uses-feature
47-->[org.osmdroid:osmdroid-android:6.1.12] AndroidManifest.xml:23:5-25:36
48        android:name="android.hardware.wifi"
48-->[org.osmdroid:osmdroid-android:6.1.12] AndroidManifest.xml:24:9-45
49        android:required="false" />
49-->[org.osmdroid:osmdroid-android:6.1.12] AndroidManifest.xml:25:9-33
50
51    <uses-permission android:name="android.permission.READ_PHONE_STATE" />
52    <uses-permission android:name="android.permission.READ_EXTERNAL_STORAGE" />
53
54    <permission
54-->[androidx.core:core:1.9.0] AndroidManifest.xml:22:5-24:47
55        android:name="com.example.ihuntwithjavalins.DYNAMIC_RECEIVER_NOT_EXPORTED_PERMISSION"
55-->[androidx.core:core:1.9.0] AndroidManifest.xml:23:9-81
56        android:protectionLevel="signature" />
56-->[androidx.core:core:1.9.0] AndroidManifest.xml:24:9-44
57
58    <uses-permission android:name="com.example.ihuntwithjavalins.DYNAMIC_RECEIVER_NOT_EXPORTED_PERMISSION" /> <!-- for open street map stuff (END) -->
58-->[androidx.core:core:1.9.0] AndroidManifest.xml:26:5-97
58-->[androidx.core:core:1.9.0] AndroidManifest.xml:26:22-94
59    <application
59-->src\main\AndroidManifest.xml:26:5-93:19
60        android:allowBackup="true"
60-->src\main\AndroidManifest.xml:27:9-35
61        android:appComponentFactory="androidx.core.app.CoreComponentFactory"
61-->[androidx.core:core:1.9.0] AndroidManifest.xml:28:18-86
62        android:dataExtractionRules="@xml/data_extraction_rules"
62-->src\main\AndroidManifest.xml:28:9-65
63        android:debuggable="true"
64        android:fullBackupContent="@xml/backup_rules"
64-->src\main\AndroidManifest.xml:29:9-54
65        android:icon="@mipmap/ic_launcher"
65-->src\main\AndroidManifest.xml:30:9-43
66        android:label="@string/app_name"
66-->src\main\AndroidManifest.xml:31:9-41
67        android:roundIcon="@mipmap/ic_launcher_round"
67-->src\main\AndroidManifest.xml:32:9-54
68        android:supportsRtl="true"
68-->src\main\AndroidManifest.xml:33:9-35
69        android:testOnly="true"
70        android:theme="@style/Theme.IHuntWithJavalins" >
70-->src\main\AndroidManifest.xml:34:9-55
71
72        <!-- for camera and barcode stuff -->
73        <meta-data
73-->src\main\AndroidManifest.xml:38:9-40:39
74            android:name="com.google.android.gms.vision.DEPENDENCIES"
74-->src\main\AndroidManifest.xml:39:13-70
75            android:value="barcode" />
75-->src\main\AndroidManifest.xml:40:13-36
76        <!-- for camera and barcode stuff (END) -->
77
78        <activity
78-->src\main\AndroidManifest.xml:43:9-55:20
79            android:name="com.example.ihuntwithjavalins.SignupActivity"
79-->src\main\AndroidManifest.xml:44:13-43
80            android:exported="true" >
80-->src\main\AndroidManifest.xml:45:13-36
81            <intent-filter>
81-->src\main\AndroidManifest.xml:46:13-50:29
82                <action android:name="android.intent.action.MAIN" />
82-->src\main\AndroidManifest.xml:47:17-69
82-->src\main\AndroidManifest.xml:47:25-66
83
84                <category android:name="android.intent.category.LAUNCHER" />
84-->src\main\AndroidManifest.xml:49:17-77
84-->src\main\AndroidManifest.xml:49:27-74
85            </intent-filter>
86
87            <meta-data
87-->src\main\AndroidManifest.xml:52:13-54:36
88                android:name="android.app.lib_name"
88-->src\main\AndroidManifest.xml:53:17-52
89                android:value="" />
89-->src\main\AndroidManifest.xml:54:17-33
90        </activity>
91        <activity
91-->src\main\AndroidManifest.xml:57:9-61:20
92            android:name="com.example.ihuntwithjavalins.CameraActivity"
92-->src\main\AndroidManifest.xml:58:13-43
93            android:exported="true" >
93-->src\main\AndroidManifest.xml:59:13-36
94        </activity>
95        <activity
95-->src\main\AndroidManifest.xml:63:9-67:20
96            android:name="com.example.ihuntwithjavalins.Map.MapActivity"
96-->src\main\AndroidManifest.xml:64:13-44
97            android:exported="true" >
97-->src\main\AndroidManifest.xml:65:13-36
98        </activity>
99        <activity
99-->src\main\AndroidManifest.xml:69:9-73:20
100            android:name="com.example.ihuntwithjavalins.QuickNavActivity"
100-->src\main\AndroidManifest.xml:70:13-45
101            android:exported="true" >
101-->src\main\AndroidManifest.xml:71:13-36
102        </activity>
103        <activity
103-->src\main\AndroidManifest.xml:75:9-79:20
104            android:name="com.example.ihuntwithjavalins.QRCode.QRCodeLibraryActivity"
104-->src\main\AndroidManifest.xml:76:13-57
105            android:exported="true" >
105-->src\main\AndroidManifest.xml:77:13-36
106        </activity>
107        <activity
107-->src\main\AndroidManifest.xml:81:9-85:20
108            android:name="com.example.ihuntwithjavalins.QRCode.QRCodeViewActivity"
108-->src\main\AndroidManifest.xml:82:13-54
109            android:exported="true" >
109-->src\main\AndroidManifest.xml:83:13-36
110        </activity>
111        <activity
111-->src\main\AndroidManifest.xml:87:9-91:20
112            android:name="com.example.ihuntwithjavalins.QRCode.QRCodeImageViewActivity"
112-->src\main\AndroidManifest.xml:88:13-59
113            android:exported="true" >
113-->src\main\AndroidManifest.xml:89:13-36
114        </activity>
115
116        <service
116-->[com.google.firebase:firebase-firestore:24.4.4] AndroidManifest.xml:16:9-22:19
117            android:name="com.google.firebase.components.ComponentDiscoveryService"
117-->[com.google.firebase:firebase-firestore:24.4.4] AndroidManifest.xml:17:13-84
118            android:directBootAware="true"
118-->[com.google.firebase:firebase-common:20.3.1] AndroidManifest.xml:34:13-43
119            android:exported="false" >
119-->[com.google.firebase:firebase-firestore:24.4.4] AndroidManifest.xml:18:13-37
120            <meta-data
120-->[com.google.firebase:firebase-firestore:24.4.4] AndroidManifest.xml:19:13-21:85
121                android:name="com.google.firebase.components:com.google.firebase.firestore.FirestoreRegistrar"
121-->[com.google.firebase:firebase-firestore:24.4.4] AndroidManifest.xml:20:17-111
122                android:value="com.google.firebase.components.ComponentRegistrar" />
122-->[com.google.firebase:firebase-firestore:24.4.4] AndroidManifest.xml:21:17-82
123            <meta-data
123-->[com.google.firebase:firebase-storage:20.1.0] AndroidManifest.xml:32:13-34:85
124                android:name="com.google.firebase.components:com.google.firebase.storage.StorageRegistrar"
124-->[com.google.firebase:firebase-storage:20.1.0] AndroidManifest.xml:33:17-107
125                android:value="com.google.firebase.components.ComponentRegistrar" />
125-->[com.google.firebase:firebase-storage:20.1.0] AndroidManifest.xml:34:17-82
126        </service>
127
128        <provider
128-->[com.google.firebase:firebase-common:20.3.1] AndroidManifest.xml:25:9-30:39
129            android:name="com.google.firebase.provider.FirebaseInitProvider"
129-->[com.google.firebase:firebase-common:20.3.1] AndroidManifest.xml:26:13-77
130            android:authorities="com.example.ihuntwithjavalins.firebaseinitprovider"
130-->[com.google.firebase:firebase-common:20.3.1] AndroidManifest.xml:27:13-72
131            android:directBootAware="true"
131-->[com.google.firebase:firebase-common:20.3.1] AndroidManifest.xml:28:13-43
132            android:exported="false"
132-->[com.google.firebase:firebase-common:20.3.1] AndroidManifest.xml:29:13-37
133            android:initOrder="100" />
133-->[com.google.firebase:firebase-common:20.3.1] AndroidManifest.xml:30:13-36
134
135        <activity
135-->[com.google.android.gms:play-services-base:18.1.0] AndroidManifest.xml:20:9-22:45
136            android:name="com.google.android.gms.common.api.GoogleApiActivity"
136-->[com.google.android.gms:play-services-base:18.1.0] AndroidManifest.xml:20:19-85
137            android:exported="false"
137-->[com.google.android.gms:play-services-base:18.1.0] AndroidManifest.xml:22:19-43
138            android:theme="@android:style/Theme.Translucent.NoTitleBar" />
138-->[com.google.android.gms:play-services-base:18.1.0] AndroidManifest.xml:21:19-78
139
140        <meta-data
140-->[com.google.android.gms:play-services-basement:18.1.0] AndroidManifest.xml:21:9-23:69
141            android:name="com.google.android.gms.version"
141-->[com.google.android.gms:play-services-basement:18.1.0] AndroidManifest.xml:22:13-58
142            android:value="@integer/google_play_services_version" />
142-->[com.google.android.gms:play-services-basement:18.1.0] AndroidManifest.xml:23:13-66
143
144        <provider
144-->[androidx.emoji2:emoji2:1.2.0] AndroidManifest.xml:24:9-32:20
145            android:name="androidx.startup.InitializationProvider"
145-->[androidx.emoji2:emoji2:1.2.0] AndroidManifest.xml:25:13-67
146            android:authorities="com.example.ihuntwithjavalins.androidx-startup"
146-->[androidx.emoji2:emoji2:1.2.0] AndroidManifest.xml:26:13-68
147            android:exported="false" >
147-->[androidx.emoji2:emoji2:1.2.0] AndroidManifest.xml:27:13-37
148            <meta-data
148-->[androidx.emoji2:emoji2:1.2.0] AndroidManifest.xml:29:13-31:52
149                android:name="androidx.emoji2.text.EmojiCompatInitializer"
149-->[androidx.emoji2:emoji2:1.2.0] AndroidManifest.xml:30:17-75
150                android:value="androidx.startup" />
150-->[androidx.emoji2:emoji2:1.2.0] AndroidManifest.xml:31:17-49
151            <meta-data
151-->[androidx.lifecycle:lifecycle-process:2.4.1] AndroidManifest.xml:31:13-33:52
152                android:name="androidx.lifecycle.ProcessLifecycleInitializer"
152-->[androidx.lifecycle:lifecycle-process:2.4.1] AndroidManifest.xml:32:17-78
153                android:value="androidx.startup" />
153-->[androidx.lifecycle:lifecycle-process:2.4.1] AndroidManifest.xml:33:17-49
154        </provider>
155    </application>
156
157</manifest>